2024-12-29 00:24:56,655 INFO o.a.j.u.JMeterUtils: Setting Locale to en_EN
2024-12-29 00:24:56,736 INFO o.a.j.JMeter: Loading user properties from: user.properties
2024-12-29 00:24:56,737 INFO o.a.j.JMeter: Loading system properties from: system.properties
2024-12-29 00:24:56,749 INFO o.a.j.JMeter: Copyright (c) 1998-2023 The Apache Software Foundation
2024-12-29 00:24:56,749 INFO o.a.j.JMeter: Version 5.6
2024-12-29 00:24:56,749 INFO o.a.j.JMeter: java.version=11.0.25
2024-12-29 00:24:56,750 INFO o.a.j.JMeter: java.vm.name=OpenJDK 64-Bit Server VM
2024-12-29 00:24:56,750 INFO o.a.j.JMeter: os.name=Linux
2024-12-29 00:24:56,750 INFO o.a.j.JMeter: os.arch=amd64
2024-12-29 00:24:56,750 INFO o.a.j.JMeter: os.version=5.15.0-1073-gcp
2024-12-29 00:24:56,750 INFO o.a.j.JMeter: file.encoding=UTF-8
2024-12-29 00:24:56,750 INFO o.a.j.JMeter: java.awt.headless=null
2024-12-29 00:24:56,750 INFO o.a.j.JMeter: Max memory     =1073741824
2024-12-29 00:24:56,751 INFO o.a.j.JMeter: Available Processors =2
2024-12-29 00:24:56,774 INFO o.a.j.JMeter: Default Locale=English (EN)
2024-12-29 00:24:56,775 INFO o.a.j.JMeter: JMeter  Locale=English (EN)
2024-12-29 00:24:56,775 INFO o.a.j.JMeter: JMeterHome=/home/huambi123/FRONTED-main/apache-jmeter-5.6
2024-12-29 00:24:56,775 INFO o.a.j.JMeter: user.dir  =/home/huambi123/FRONTED-main/apache-jmeter-5.6/bin
2024-12-29 00:24:56,776 INFO o.a.j.JMeter: PWD       =/home/huambi123/FRONTED-main/apache-jmeter-5.6/bin
2024-12-29 00:24:56,787 INFO o.a.j.JMeter: IP: 10.128.0.7 Name: instance-group-autoescaling-hwnk FullName: instance-group-autoescaling-hwnk.us-central1-c.c.proyectovirtualizacion-445220.internal
2024-12-29 00:24:56,807 INFO o.a.j.JMeter: Loaded icon properties from org/apache/jmeter/images/icon.properties
2024-12-29 00:24:57,190 INFO o.a.j.JMeterGuiLauncher: Setting LAF to: com.github.weisj.darklaf.DarkLaf:com.github.weisj.darklaf.theme.DarculaTheme
2024-12-29 00:24:57,811 ERROR o.a.j.JMeter: An error occurred: 
java.awt.HeadlessException: 
No X11 DISPLAY variable was set, but this program performed an operation which requires it.
	at java.awt.GraphicsEnvironment.checkHeadless(GraphicsEnvironment.java:208) ~[?:?]
	at java.awt.Window.<init>(Window.java:548) ~[?:?]
	at java.awt.Frame.<init>(Frame.java:423) ~[?:?]
	at java.awt.Frame.<init>(Frame.java:388) ~[?:?]
	at javax.swing.SwingUtilities$SharedOwnerFrame.<init>(SwingUtilities.java:1919) ~[?:?]
	at javax.swing.SwingUtilities.getSharedOwnerFrame(SwingUtilities.java:1995) ~[?:?]
	at javax.swing.JDialog.<init>(JDialog.java:273) ~[?:?]
	at javax.swing.JDialog.<init>(JDialog.java:207) ~[?:?]
	at javax.swing.JDialog.<init>(JDialog.java:155) ~[?:?]
	at org.apache.jmeter.SplashScreen.<init>(SplashScreen.java:52) ~[ApacheJMeter_core.jar:5.6]
	at org.apache.jmeter.JMeterGuiLauncher.startGuiInternal(JMeterGuiLauncher.kt:87) ~[ApacheJMeter_core.jar:5.6]
	at org.apache.jmeter.JMeterGuiLauncher.access$startGuiInternal(JMeterGuiLauncher.kt:47) ~[ApacheJMeter_core.jar:5.6]
	at org.apache.jmeter.JMeterGuiLauncher$startGui$1$1.invokeSuspend(JMeterGuiLauncher.kt:67) ~[ApacheJMeter_core.jar:5.6]
	at kotlin.coroutines.jvm.internal.BaseContinuationImpl.resumeWith(ContinuationImpl.kt:33) ~[kotlin-stdlib-1.8.21.jar:1.8.21-release-380(1.8.21)]
	at kotlinx.coroutines.DispatchedTask.run(DispatchedTask.kt:106) ~[kotlinx-coroutines-core-jvm-1.7.1.jar:?]
	at java.awt.event.InvocationEvent.dispatch(InvocationEvent.java:313) ~[?:?]
	at java.awt.EventQueue.dispatchEventImpl(EventQueue.java:770) ~[?:?]
	at java.awt.EventQueue$4.run(EventQueue.java:721) ~[?:?]
	at java.awt.EventQueue$4.run(EventQueue.java:715) ~[?:?]
	at java.security.AccessController.doPrivileged(Native Method) ~[?:?]
	at java.security.ProtectionDomain$JavaSecurityAccessImpl.doIntersectionPrivilege(ProtectionDomain.java:85) ~[?:?]
	at java.awt.EventQueue.dispatchEvent(EventQueue.java:740) ~[?:?]
	at java.awt.EventDispatchThread.pumpOneEventForFilters(EventDispatchThread.java:203) ~[?:?]
	at java.awt.EventDispatchThread.pumpEventsForFilter(EventDispatchThread.java:124) ~[?:?]
	at java.awt.EventDispatchThread.pumpEventsForHierarchy(EventDispatchThread.java:113) ~[?:?]
	at java.awt.EventDispatchThread.pumpEvents(EventDispatchThread.java:109) ~[?:?]
	at java.awt.EventDispatchThread.pumpEvents(EventDispatchThread.java:101) ~[?:?]
	at java.awt.EventDispatchThread.run(EventDispatchThread.java:90) ~[?:?]
